<?xml version="1.0" encoding="UTF-8"?>
<!-- Generated by org.testng.reporters.JUnitReportReporter -->
<testsuite hostname="P5-H82M6C2" name="utility.LoginTestMe" tests="3" failures="0" timestamp="17 May 2018 11:54:05 GMT" time="2.650" errors="0">
  <testcase name="test_me_login" time="1.658" classname="utility.LoginTestMe"/>
  <testcase name="select_category" time="0.735" classname="utility.LoginTestMe"/>
  <testcase name="add_To_Cart" time="0.257" classname="utility.LoginTestMe"/>
</testsuite> <!-- utility.LoginTestMe -->
